<?xml version="1.0" encoding="UTF-8"?>
<testng-results ignored="0" total="1" passed="1" failed="0" skipped="0">
  <reporter-output>
  </reporter-output>
  <suite started-at="2021-10-20T18:35:12 PKT" name="Default suite" finished-at="2021-10-20T18:35:51 PKT" duration-ms="38803">
    <groups>
    </groups>
    <test started-at="2021-10-20T18:35:12 PKT" name="Default test" finished-at="2021-10-20T18:35:51 PKT" duration-ms="38803">
      <class name="testcase.TestCases">
        <test-method is-config="true" signature="setup()[pri:0, instance:testcase.TestCases@7c711375]" started-at="2021-10-20T18:35:12 PKT" name="setup" finished-at="2021-10-20T18:35:29 PKT" duration-ms="16652" status="PASS">
          <reporter-output>
          </reporter-output>
        </test-method> <!-- setup -->
        <test-method signature="testcase()[pri:0, instance:testcase.TestCases@7c711375]" started-at="2021-10-20T18:35:29 PKT" name="testcase" finished-at="2021-10-20T18:35:50 PKT" duration-ms="21007" status="PASS">
          <reporter-output>
          </reporter-output>
        </test-method> <!-- testcase -->
        <test-method is-config="true" signature="tearDown()[pri:0, instance:testcase.TestCases@7c711375]" started-at="2021-10-20T18:35:50 PKT" name="tearDown" finished-at="2021-10-20T18:35:51 PKT" duration-ms="1093" status="PASS">
          <reporter-output>
          </reporter-output>
        </test-method> <!-- tearDown -->
        <test-method is-config="true" signature="tearDown()[pri:0, instance:testcase.TestCases@7c711375]" started-at="2021-10-20T18:35:51 PKT" name="tearDown" finished-at="2021-10-20T18:35:51 PKT" duration-ms="0" status="PASS">
          <reporter-output>
          </reporter-output>
        </test-method> <!-- tearDown -->
      </class> <!-- testcase.TestCases -->
    </test> <!-- Default test -->
  </suite> <!-- Default suite -->
</testng-results>
